<?xml version="1.0" encoding="UTF-8"?>
<!-- Generated by org.testng.reporters.JUnitReportReporter -->
<testsuite hostname="macpcaim00047.local" name="com.mop.qa.test.bvt.PlayVod" tests="1" failures="0" timestamp="29 May 2017 11:42:35 GMT" time="218.617" errors="0">
  <testcase name="playVOD" time="218.617" classname="com.mop.qa.test.bvt.PlayVod"/>
</testsuite> <!-- com.mop.qa.test.bvt.PlayVod -->
