<?xml version="1.0" encoding="UTF-8"?>
<!-- Generated by org.testng.reporters.JUnitReportReporter -->
<testsuite hostname="PC143191" name="com.mop.qa.test.bvt.VerifyTOCContent" tests="1" failures="0" timestamp="18 Jul 2016 15:20:39 GMT" time="536.844" errors="0">
  <testcase name="testContentQAPOC" time="536.844" classname="com.mop.qa.test.bvt.VerifyTOCContent"/>
</testsuite> <!-- com.mop.qa.test.bvt.VerifyTOCContent -->
