<?xml version="1.0" encoding="UTF-8"?>
<!-- Generated by org.testng.reporters.JUnitReportReporter -->
<testsuite hostname="PC143191" name="com.mop.qa.test.bvt.Test_ContentQA_POC" tests="1" failures="0" timestamp="4 Jul 2016 14:09:00 GMT" time="419.489" errors="0">
  <testcase name="testContentQAPOC" time="419.489" classname="com.mop.qa.test.bvt.Test_ContentQA_POC"/>
</testsuite> <!-- com.mop.qa.test.bvt.Test_ContentQA_POC -->
