<?xml version="1.0" encoding="UTF-8"?>
<!-- Generated by org.testng.reporters.JUnitReportReporter -->
<testsuite hostname="LTUS34293" name="com.mop.qa.test.bvt.ClickAction_DynamicLeadSlide" tests="1" failures="0" timestamp="12 Dec 2017 09:12:57 GMT" time="344.756" errors="0">
  <testcase name="Click_ActionTest" time="344.756" classname="com.mop.qa.test.bvt.ClickAction_DynamicLeadSlide"/>
</testsuite> <!-- com.mop.qa.test.bvt.ClickAction_DynamicLeadSlide -->
