<?xml version="1.0" encoding="UTF-8"?>
<!-- Generated by org.testng.reporters.JUnitReportReporter -->
<testsuite hostname="LTUS34293" name="com.mop.qa.test.bvt.Linear_Program_End" tests="1" failures="0" timestamp="8 Dec 2017 00:26:23 GMT" time="27.156" errors="0">
  <testcase name="Click_ActionTest" time="27.156" classname="com.mop.qa.test.bvt.Linear_Program_End"/>
</testsuite> <!-- com.mop.qa.test.bvt.Linear_Program_End -->
