<?xml version="1.0" encoding="UTF-8"?>
<!-- Generated by org.testng.reporters.JUnitReportReporter -->
<testsuite hostname="PC143191" name="com.mop.qa.test.bvt.Test_Page_Links" tests="1" failures="0" timestamp="29 Jun 2016 12:20:20 GMT" time="279.393" errors="0">
  <testcase name="testPageLinks" time="279.393" classname="com.mop.qa.test.bvt.Test_Page_Links"/>
</testsuite> <!-- com.mop.qa.test.bvt.Test_Page_Links -->
