<?xml version="1.0" encoding="UTF-8"?>
<!-- Generated by org.testng.reporters.JUnitReportReporter -->
<testsuite hostname="LTUS34293" name="com.mop.qa.test.bvt.Page_Load_Activation_Sign_In" tests="1" failures="0" timestamp="21 Dec 2017 19:07:22 GMT" time="41.680" errors="0">
  <testcase name="Authentication_SuccessTest" time="41.680" classname="com.mop.qa.test.bvt.Page_Load_Activation_Sign_In"/>
</testsuite> <!-- com.mop.qa.test.bvt.Page_Load_Activation_Sign_In -->
