<?xml version="1.0" encoding="UTF-8"?>
<!-- Generated by org.testng.reporters.JUnitReportReporter -->
<testsuite hostname="LTUS34293" name="com.mop.qa.test.bvt.Launch1" tests="1" failures="0" timestamp="25 Dec 2017 02:02:10 GMT" time="28.039" errors="0">
  <testcase name="Launchtest" time="28.039" classname="com.mop.qa.test.bvt.Launch1"/>
</testsuite> <!-- com.mop.qa.test.bvt.Launch1 -->
