<?xml version="1.0" encoding="UTF-8"?>
<!-- Generated by org.testng.reporters.JUnitReportReporter -->
<testsuite hostname="LTUS34293" name="com.mop.qa.test.bvt.Video_Start_Free" tests="1" failures="0" timestamp="25 Dec 2017 05:16:15 GMT" time="29.232" errors="0">
  <testcase name="VideoStartTest" time="29.232" classname="com.mop.qa.test.bvt.Video_Start_Free"/>
</testsuite> <!-- com.mop.qa.test.bvt.Video_Start_Free -->
