<?xml version="1.0" encoding="UTF-8"?>
<!-- Generated by org.testng.reporters.JUnitReportReporter -->
<testsuite hostname="macpcaim00047.local" name="com.mop.qa.test.bvt.ValidateThreeEpisode" tests="1" failures="0" timestamp="17 May 2017 08:29:12 GMT" time="494.723" errors="0">
  <testcase name="test" time="494.723" classname="com.mop.qa.test.bvt.ValidateThreeEpisode"/>
</testsuite> <!-- com.mop.qa.test.bvt.ValidateThreeEpisode -->
