<?xml version="1.0" encoding="UTF-8"?>
<!-- Generated by org.testng.reporters.JUnitReportReporter -->
<testsuite hostname="W7-VDI-WDW1224" name="com.mop.qa.test.bvt.TestMaximoAssetPage" tests="1" failures="0" timestamp="17 Jun 2016 13:42:47 GMT" time="31.189" errors="0">
  <testcase name="testAssetPage" time="31.189" classname="com.mop.qa.test.bvt.TestMaximoAssetPage"/>
</testsuite> <!-- com.mop.qa.test.bvt.TestMaximoAssetPage -->
