<?xml version="1.0" encoding="UTF-8"?>
<!-- Generated by org.testng.reporters.JUnitReportReporter -->
<testsuite hostname="W7-VDI-WDW1224" name="com.mop.qa.test.bvt.TestMaximoMixedpriorityPMwowithAssetQualificationsSSoEPage" tests="1" failures="0" timestamp="17 Jun 2016 13:42:47 GMT" time="129.793" errors="0">
  <testcase name="testJobPlanPage" time="129.793" classname="com.mop.qa.test.bvt.TestMaximoMixedpriorityPMwowithAssetQualificationsSSoEPage"/>
</testsuite> <!-- com.mop.qa.test.bvt.TestMaximoMixedpriorityPMwowithAssetQualificationsSSoEPage -->
