<?xml version="1.0" encoding="UTF-8"?>
<!-- Generated by org.testng.reporters.JUnitReportReporter -->
<testsuite hostname="PC143191" name="com.mop.qa.test.bvt.Test_Teacher_Standards" tests="1" failures="0" timestamp="4 Jul 2016 13:37:38 GMT" time="89.085" errors="0">
  <testcase name="testContentQAPOC" time="89.085" classname="com.mop.qa.test.bvt.Test_Teacher_Standards"/>
</testsuite> <!-- com.mop.qa.test.bvt.Test_Teacher_Standards -->
