<?xml version="1.0" encoding="UTF-8"?>
<!-- Generated by org.testng.reporters.JUnitReportReporter -->
<testsuite hostname="W7-VDI-WDW1224" name="com.mop.qa.test.bvt.TestMaximoSafetyJobPlanPage" tests="1" failures="0" timestamp="17 Jun 2016 14:03:30 GMT" time="119.017" errors="0">
  <testcase name="testJobPlanPage" time="119.017" classname="com.mop.qa.test.bvt.TestMaximoSafetyJobPlanPage"/>
</testsuite> <!-- com.mop.qa.test.bvt.TestMaximoSafetyJobPlanPage -->
