<?xml version="1.0" encoding="UTF-8"?>
<!-- Generated by org.testng.reporters.JUnitReportReporter -->
<testsuite hostname="PC143191" name="com.mop.qa.test.bvt.Test_Telly" tests="1" failures="0" timestamp="1 Jun 2016 07:13:10 GMT" time="190.636" errors="0">
  <testcase name="testTelly" time="190.636" classname="com.mop.qa.test.bvt.Test_Telly"/>
</testsuite> <!-- com.mop.qa.test.bvt.Test_Telly -->
