<?xml version="1.0" encoding="UTF-8"?>
<!-- Generated by org.testng.reporters.JUnitReportReporter -->
<testsuite hostname="W7-VDI-WDW1224" name="com.mop.qa.test.bvt.TestVideo" tests="1" failures="0" timestamp="9 Aug 2016 10:17:35 GMT" time="36.812" errors="0">
  <testcase name="testVideo" time="36.812" classname="com.mop.qa.test.bvt.TestVideo"/>
</testsuite> <!-- com.mop.qa.test.bvt.TestVideo -->
