<?xml version="1.0" encoding="UTF-8"?>
<!-- Generated by org.testng.reporters.JUnitReportReporter -->
<testsuite hostname="IMEMOBILEQAs-MacBook-Pro.local" name="com.mop.qa.test.bvt.Test_NBCTech" tests="2" failures="0" timestamp="31 Mar 2016 12:43:55 GMT" time="12.818" errors="0">
  <testcase name="testTech" time="5.508" classname="com.mop.qa.test.bvt.Test_NBCTech"/>
  <testcase name="testScience" time="7.310" classname="com.mop.qa.test.bvt.Test_NBCTech"/>
</testsuite> <!-- com.mop.qa.test.bvt.Test_NBCTech -->
