<?xml version="1.0" encoding="UTF-8"?>
<!-- Generated by org.testng.reporters.JUnitReportReporter -->
<testsuite hostname="PC223295" name="com.mop.qa.test.bvt.ClickAction" tests="1" failures="0" timestamp="21 Aug 2017 13:18:35 GMT" time="10.004" errors="0">
  <testcase name="EndCard_OutcomeTest" time="10.004" classname="com.mop.qa.test.bvt.ClickAction"/>
</testsuite> <!-- com.mop.qa.test.bvt.ClickAction -->
