<?xml version="1.0" encoding="UTF-8"?>
<!-- Generated by org.testng.reporters.JUnitReportReporter -->
<testsuite hostname="W7-VDI-WDW1224" name="com.mop.qa.test.bvt.TestDisneyPhotoPass" tests="1" failures="0" timestamp="9 Aug 2016 10:56:04 GMT" time="23.719" errors="0">
  <testcase name="testPhotoPass" time="23.719" classname="com.mop.qa.test.bvt.TestDisneyPhotoPass"/>
</testsuite> <!-- com.mop.qa.test.bvt.TestDisneyPhotoPass -->
