<?xml version="1.0" encoding="UTF-8"?>
<!-- Generated by org.testng.reporters.JUnitReportReporter -->
<testsuite hostname="macpcaim00047.local" name="com.mop.qa.test.bvt.ShowDetails" tests="1" failures="0" timestamp="17 Apr 2017 06:32:02 GMT" time="424.924" errors="0">
  <testcase name="test" time="424.924" classname="com.mop.qa.test.bvt.ShowDetails"/>
</testsuite> <!-- com.mop.qa.test.bvt.ShowDetails -->
