<?xml version="1.0" encoding="UTF-8"?>
<!-- Generated by org.testng.reporters.JUnitReportReporter -->
<testsuite hostname="IMEMOBILEQAs-MacBook-Pro.local" name="com.mop.qa.test.bvt.Test_NBCNews" tests="2" failures="0" timestamp="19 Apr 2016 10:03:20 GMT" time="62.354" errors="0">
  <testcase name="testNBC" time="20.001" classname="com.mop.qa.test.bvt.Test_NBCNews"/>
  <testcase name="testNBC" time="42.353" classname="com.mop.qa.test.bvt.Test_NBCNews"/>
</testsuite> <!-- com.mop.qa.test.bvt.Test_NBCNews -->
