<?xml version="1.0" encoding="UTF-8"?>
<!-- Generated by org.testng.reporters.JUnitReportReporter -->
<testsuite hostname="PC143191" name="com.mop.qa.test.bvt.TestPDFExtractor" tests="1" failures="0" timestamp="1 Jul 2016 14:14:54 GMT" time="112.978" errors="0">
  <testcase name="testPDF" time="112.978" classname="com.mop.qa.test.bvt.TestPDFExtractor"/>
</testsuite> <!-- com.mop.qa.test.bvt.TestPDFExtractor -->
