<?xml version="1.0" encoding="UTF-8"?>
<!-- Generated by org.testng.reporters.JUnitReportReporter -->
<testsuite hostname="macpcaim00047.local" name="com.mop.qa.test.bvt.PauseEvent" tests="1" failures="0" timestamp="17 May 2017 08:07:56 GMT" time="27.814" errors="0">
  <testcase name="playVOD" time="27.814" classname="com.mop.qa.test.bvt.PauseEvent"/>
</testsuite> <!-- com.mop.qa.test.bvt.PauseEvent -->
