<?xml version="1.0" encoding="UTF-8"?>
<!-- Generated by org.testng.reporters.JUnitReportReporter -->
<testsuite hostname="PC223295" name="com.mop.qa.test.bvt.Page_Load_Show_Home_Page1" tests="1" failures="0" timestamp="3 Aug 2017 09:04:35 GMT" time="93.638" errors="0">
  <testcase name="PageLoadshowTest" time="93.638" classname="com.mop.qa.test.bvt.Page_Load_Show_Home_Page1"/>
</testsuite> <!-- com.mop.qa.test.bvt.Page_Load_Show_Home_Page1 -->
