<?xml version="1.0" encoding="UTF-8"?>
<!-- Generated by org.testng.reporters.JUnitReportReporter -->
<testsuite hostname="W7-VDI-WDW1224" name="com.mop.qa.test.bvt.TestMaximoInventoryPage" tests="1" failures="0" timestamp="17 Jun 2016 13:42:47 GMT" time="28.590" errors="0">
  <testcase name="testInventoryPage" time="28.590" classname="com.mop.qa.test.bvt.TestMaximoInventoryPage"/>
</testsuite> <!-- com.mop.qa.test.bvt.TestMaximoInventoryPage -->
