<?xml version="1.0" encoding="UTF-8"?>
<!-- Generated by org.testng.reporters.JUnitReportReporter -->
<testsuite hostname="PC143191" name="com.mop.qa.test.bvt.VerfiyAudioControl" tests="1" failures="0" timestamp="18 Jul 2016 15:20:39 GMT" time="97.727" errors="0">
  <testcase name="testPageLinks" time="97.727" classname="com.mop.qa.test.bvt.VerfiyAudioControl"/>
</testsuite> <!-- com.mop.qa.test.bvt.VerfiyAudioControl -->
