<?xml version="1.0" encoding="UTF-8"?>
<!-- Generated by org.testng.reporters.JUnitReportReporter -->
<testsuite hostname="PC143191" name="com.mop.qa.test.bvt.Test_Audio_Control" tests="1" failures="0" timestamp="1 Jul 2016 14:14:54 GMT" time="139.654" errors="0">
  <testcase name="testPageLinks" time="139.654" classname="com.mop.qa.test.bvt.Test_Audio_Control"/>
</testsuite> <!-- com.mop.qa.test.bvt.Test_Audio_Control -->
