<?xml version="1.0" encoding="UTF-8"?>
<!-- Generated by org.testng.reporters.JUnitReportReporter -->
<testsuite hostname="PC291939" name="com.mop.qa.testrunner.RunCukesTest" tests="1" failures="0" timestamp="24 Mar 2016 11:30:37 GMT" time="2.388" errors="0">
  <testcase name="run_cukes" time="2.388" classname="com.mop.qa.testrunner.RunCukesTest"/>
</testsuite> <!-- com.mop.qa.testrunner.RunCukesTest -->
