<?xml version="1.0" encoding="UTF-8"?>
<!-- Generated by org.testng.reporters.JUnitReportReporter -->
<testsuite hostname="macpcaim00047.local" name="com.mop.qa.test.bvt.ThreeEpisodeTrialEpic" tests="2" failures="0" timestamp="17 May 2017 08:07:56 GMT" time="794.320" errors="0">
  <testcase name="test" time="397.633" classname="com.mop.qa.test.bvt.ThreeEpisodeTrialEpic"/>
  <testcase name="test" time="396.687" classname="com.mop.qa.test.bvt.ThreeEpisodeTrialEpic"/>
</testsuite> <!-- com.mop.qa.test.bvt.ThreeEpisodeTrialEpic -->
