<?xml version="1.0" encoding="UTF-8"?>
<!-- Generated by org.testng.reporters.JUnitReportReporter -->
<testsuite hostname="macpcaim00047.local" name="com.mop.qa.test.bvt.ResumeFromFeature" tests="1" failures="0" timestamp="23 May 2017 05:11:53 GMT" time="1.075" errors="0">
  <testcase name="resumeFrom" time="1.075" classname="com.mop.qa.test.bvt.ResumeFromFeature"/>
</testsuite> <!-- com.mop.qa.test.bvt.ResumeFromFeature -->
