<?xml version="1.0" encoding="UTF-8"?>
<!-- Generated by org.testng.reporters.JUnitReportReporter -->
<testsuite hostname="LTUS34293" name="com.mop.qa.test.bvt.Page_Load_Schedule" tests="1" failures="0" timestamp="25 Dec 2017 02:02:10 GMT" time="34.240" errors="0">
  <testcase name="PageLoadshowTest" time="34.240" classname="com.mop.qa.test.bvt.Page_Load_Schedule"/>
</testsuite> <!-- com.mop.qa.test.bvt.Page_Load_Schedule -->
