<?xml version="1.0" encoding="UTF-8"?>
<!-- Generated by org.testng.reporters.JUnitReportReporter -->
<testsuite hostname="IMEMOBILEQAs-MacBook-Pro.local" name="com.mop.qa.test.bvt.Test_Airtel" tests="2" failures="0" timestamp="19 Apr 2016 10:03:20 GMT" time="0.003" errors="0">
  <testcase name="testAirtel" time="0.001" classname="com.mop.qa.test.bvt.Test_Airtel"/>
  <testcase name="testAirtel" time="0.002" classname="com.mop.qa.test.bvt.Test_Airtel"/>
</testsuite> <!-- com.mop.qa.test.bvt.Test_Airtel -->
