<?xml version="1.0" encoding="UTF-8"?>
<!-- Generated by org.testng.reporters.JUnitReportReporter -->
<testsuite hostname="macpcaim00047.local" name="com.mop.qa.Utilities.CopyOfBrowserMobProxy" tests="1" failures="0" timestamp="25 May 2017 19:31:18 GMT" time="19.739" errors="0">
  <testcase name="teknosa_test1" time="19.739" classname="com.mop.qa.Utilities.CopyOfBrowserMobProxy"/>
</testsuite> <!-- com.mop.qa.Utilities.CopyOfBrowserMobProxy -->
