<?xml version="1.0" encoding="UTF-8"?>
<!-- Generated by org.testng.reporters.JUnitReportReporter -->
<testsuite hostname="IMEMOBILEQAs-MacBook-Pro.local" name="com.mop.qa.test.bvt.Test_Wolters" tests="1" failures="0" timestamp="26 Apr 2016 14:26:50 GMT" time="106.373" errors="0">
  <testcase name="testWolters" time="106.373" classname="com.mop.qa.test.bvt.Test_Wolters"/>
</testsuite> <!-- com.mop.qa.test.bvt.Test_Wolters -->
