<?xml version="1.0" encoding="UTF-8"?>
<!-- Generated by org.testng.reporters.JUnitReportReporter -->
<testsuite hostname="PC143191" name="com.mop.qa.test.bvt.VerifyPageHyperlinks" tests="1" failures="0" timestamp="18 Jul 2016 15:20:39 GMT" time="108.828" errors="0">
  <testcase name="Verifyonpagelinkinghyperlinks" time="108.828" classname="com.mop.qa.test.bvt.VerifyPageHyperlinks"/>
</testsuite> <!-- com.mop.qa.test.bvt.VerifyPageHyperlinks -->
