<?xml version="1.0" encoding="UTF-8"?>
<!-- Generated by org.testng.reporters.JUnitReportReporter -->
<testsuite hostname="LTUS34293" name="com.mop.qa.test.bvt.Page_Load_Search" tests="1" failures="0" timestamp="25 Dec 2017 02:02:10 GMT" time="32.496" errors="0">
  <testcase name="PageLoadshowTest" time="32.496" classname="com.mop.qa.test.bvt.Page_Load_Search"/>
</testsuite> <!-- com.mop.qa.test.bvt.Page_Load_Search -->
