<?xml version="1.0" encoding="UTF-8"?>
<!-- Generated by org.testng.reporters.JUnitReportReporter -->
<testsuite hostname="macpcaim00047.local" name="com.mop.qa.test.bvt.SelectConfig" tests="1" failures="0" timestamp="30 May 2017 14:56:31 GMT" time="64.469" errors="0">
  <testcase name="playVOD" time="64.469" classname="com.mop.qa.test.bvt.SelectConfig"/>
</testsuite> <!-- com.mop.qa.test.bvt.SelectConfig -->
