<?xml version="1.0" encoding="UTF-8"?>
<!-- Generated by org.testng.reporters.JUnitReportReporter -->
<testsuite hostname="PC168687" name="com.mop.qa.test.bvt.Test_Telly2" tests="1" failures="0" timestamp="8 Jun 2016 07:10:57 GMT" time="35.118" errors="0">
  <testcase name="testTelly" time="35.118" classname="com.mop.qa.test.bvt.Test_Telly2"/>
</testsuite> <!-- com.mop.qa.test.bvt.Test_Telly2 -->
