<?xml version="1.0" encoding="UTF-8"?>
<!-- Generated by org.testng.reporters.JUnitReportReporter -->
<testsuite hostname="LTUS34293" name="com.mop.qa.testrunner.TestRunner" tests="1" failures="0" timestamp="25 Dec 2017 05:16:15 GMT" time="49.756" errors="0">
  <testcase name="test" time="49.756" classname="com.mop.qa.testrunner.TestRunner"/>
</testsuite> <!-- com.mop.qa.testrunner.TestRunner -->
