<?xml version="1.0" encoding="UTF-8"?>
<!-- Generated by org.testng.reporters.JUnitReportReporter -->
<testsuite hostname="PC291939" name="com.mop.qa.test.bvt.Tect_NBCTech" tests="1" failures="0" timestamp="24 Mar 2016 07:51:01 GMT" time="9.651" errors="0">
  <testcase name="testTech" time="9.651" classname="com.mop.qa.test.bvt.Tect_NBCTech"/>
</testsuite> <!-- com.mop.qa.test.bvt.Tect_NBCTech -->
