<?xml version="1.0" encoding="UTF-8"?>
<!-- Generated by org.testng.reporters.JUnitReportReporter -->
<testsuite hostname="PC143191" name="com.mop.qa.test.bvt.VerifyTeacherStandards" tests="1" failures="0" timestamp="6 Jul 2016 11:34:31 GMT" time="90.985" errors="0">
  <testcase name="testContentQAPOC" time="90.985" classname="com.mop.qa.test.bvt.VerifyTeacherStandards"/>
</testsuite> <!-- com.mop.qa.test.bvt.VerifyTeacherStandards -->
