<?xml version="1.0" encoding="UTF-8"?>
<!-- Generated by org.testng.reporters.JUnitReportReporter -->
<testsuite hostname="W7-VDI-WDW1224" name="com.mop.qa.test.bvt.TestMaximoPreventiveMaintenancePage" tests="1" failures="0" timestamp="20 Jun 2016 10:36:27 GMT" time="73.802" errors="0">
  <testcase name="testPreventiveMaintenancePage" time="73.802" classname="com.mop.qa.test.bvt.TestMaximoPreventiveMaintenancePage"/>
</testsuite> <!-- com.mop.qa.test.bvt.TestMaximoPreventiveMaintenancePage -->
