<?xml version="1.0" encoding="UTF-8"?>
<!-- Generated by org.testng.reporters.JUnitReportReporter -->
<testsuite hostname="macpcaim00047.local" name="com.mop.qa.Utilities.MobileExtractor" tests="1" failures="0" timestamp="21 Apr 2017 06:00:42 GMT" time="1.766" errors="0">
  <testcase name="xmlParser" time="1.766" classname="com.mop.qa.Utilities.MobileExtractor"/>
</testsuite> <!-- com.mop.qa.Utilities.MobileExtractor -->
