<?xml version="1.0" encoding="UTF-8"?>
<!-- Generated by org.testng.reporters.JUnitReportReporter -->
<testsuite hostname="macpcaim00047.local" name="com.mop.qa.test.bvt.ConfigAPICall" tests="1" failures="0" timestamp="24 May 2017 14:47:39 GMT" time="54.833" errors="0">
  <testcase name="getConfigAPIResponse" time="54.833" classname="com.mop.qa.test.bvt.ConfigAPICall"/>
</testsuite> <!-- com.mop.qa.test.bvt.ConfigAPICall -->
