<?xml version="1.0" encoding="UTF-8"?>
<!-- Generated by org.testng.reporters.JUnitReportReporter -->
<testsuite hostname="macpcaim00047.local" name="com.mop.qa.test.bvt.PlayAuthVOD" tests="1" failures="0" timestamp="23 May 2017 13:31:40 GMT" time="94.733" errors="0">
  <testcase name="playVOD" time="94.733" classname="com.mop.qa.test.bvt.PlayAuthVOD"/>
</testsuite> <!-- com.mop.qa.test.bvt.PlayAuthVOD -->
