<?xml version="1.0" encoding="UTF-8"?>
<!-- Generated by org.testng.reporters.JUnitReportReporter -->
<testsuite hostname="macpcaim00047.local" name="com.mop.qa.test.bvt.VODPlay" tests="1" failures="0" timestamp="8 May 2017 10:10:12 GMT" time="475.445" errors="0">
  <testcase name="test" time="475.445" classname="com.mop.qa.test.bvt.VODPlay"/>
</testsuite> <!-- com.mop.qa.test.bvt.VODPlay -->
