<?xml version="1.0" encoding="UTF-8"?>
<!-- Generated by org.testng.reporters.JUnitReportReporter -->
<testsuite hostname="macpcaim00047.local" name="com.mop.qa.test.bvt.PlayLive" tests="1" failures="0" timestamp="30 May 2017 19:42:47 GMT" time="397.584" errors="0">
  <testcase name="playVOD" time="397.584" classname="com.mop.qa.test.bvt.PlayLive"/>
</testsuite> <!-- com.mop.qa.test.bvt.PlayLive -->
