<?xml version="1.0" encoding="UTF-8"?>
<!-- Generated by org.testng.reporters.JUnitReportReporter -->
<testsuite hostname="LTUS34293" name="com.mop.qa.test.bvt.Linear_Program_Start" tests="1" failures="0" timestamp="8 Dec 2017 00:26:23 GMT" time="27.395" errors="0">
  <testcase name="Click_ActionTest" time="27.395" classname="com.mop.qa.test.bvt.Linear_Program_Start"/>
</testsuite> <!-- com.mop.qa.test.bvt.Linear_Program_Start -->
