<?xml version="1.0" encoding="UTF-8"?>
<!-- Generated by org.testng.reporters.JUnitReportReporter -->
<testsuite hostname="macpcaim00047.local" name="com.mop.qa.test.bvt.PlayVodAndroid" tests="1" failures="0" timestamp="15 May 2017 09:06:55 GMT" time="92.312" errors="0">
  <testcase name="playVOD" time="92.312" classname="com.mop.qa.test.bvt.PlayVodAndroid"/>
</testsuite> <!-- com.mop.qa.test.bvt.PlayVodAndroid -->
