<?xml version="1.0" encoding="UTF-8"?>
<!-- Generated by org.testng.reporters.JUnitReportReporter -->
<testsuite hostname="PC223295" name="com.mop.qa.test.bvt.Click_Action_Show_Home_shelf" tests="1" failures="0" timestamp="18 Aug 2017 10:45:52 GMT" time="42.876" errors="0">
  <testcase name="Click_ActionTest" time="42.876" classname="com.mop.qa.test.bvt.Click_Action_Show_Home_shelf"/>
</testsuite> <!-- com.mop.qa.test.bvt.Click_Action_Show_Home_shelf -->
