<?xml version="1.0" encoding="UTF-8"?>
<!-- Generated by org.testng.reporters.JUnitReportReporter -->
<testsuite hostname="LTUS34293" name="com.mop.qa.test.bvt.Linear_End" tests="1" failures="0" timestamp="8 Dec 2017 00:26:23 GMT" time="26.909" errors="0">
  <testcase name="EndCard_OutcomeTest" time="26.909" classname="com.mop.qa.test.bvt.Linear_End"/>
</testsuite> <!-- com.mop.qa.test.bvt.Linear_End -->
