<?xml version="1.0" encoding="UTF-8"?>
<!-- Generated by org.testng.reporters.JUnitReportReporter -->
<testsuite hostname="LTUS34293" name="com.mop.qa.test.bvt.Page_Load_Home_Page" tests="1" failures="0" timestamp="25 Dec 2017 04:52:35 GMT" time="47.110" errors="0">
  <testcase name="PageLoadshowTest" time="47.110" classname="com.mop.qa.test.bvt.Page_Load_Home_Page"/>
</testsuite> <!-- com.mop.qa.test.bvt.Page_Load_Home_Page -->
